<?xml version="1.0" encoding="UTF-8"?>
<!-- Generated by org.testng.reporters.JUnitReportReporter -->
<testsuite hostname="DESKTOP-AUQI9P7" failures="0" tests="4" name="com.Day18.SimpleFormDemo.TestNG.SimpleFormPageTest" time="2.348" errors="0" timestamp="10 Aug 2021 11:14:34 GMT">
  <testcase classname="com.Day18.SimpleFormDemo.TestNG.SimpleFormPageTest" name="clickOnMunuBarOptionAndDropDownOption" time="1.341"/>
  <testcase classname="com.Day18.SimpleFormDemo.TestNG.SimpleFormPageTest" name="verifyHomePageOfSimpleInputForm" time="0.126"/>
  <testcase classname="com.Day18.SimpleFormDemo.TestNG.SimpleFormPageTest" name="singleInputFieldForm" time="0.390"/>
  <testcase classname="com.Day18.SimpleFormDemo.TestNG.SimpleFormPageTest" name="twoInputFieldForm" time="0.491"/>
</testsuite> <!-- com.Day18.SimpleFormDemo.TestNG.SimpleFormPageTest -->
