<?xml version="1.0" encoding="UTF-8"?>
<!-- Generated by org.testng.reporters.JUnitReportReporter -->
<testsuite hostname="DESKTOP-AUQI9P7" failures="0" tests="2" name="com.Day18.TEstNG.Annotations" time="0.009" errors="0" timestamp="10 Aug 2021 10:23:28 GMT">
  <testcase classname="com.Day18.TEstNG.Annotations" name="clickOnLogout" time="0.007"/>
  <testcase classname="com.Day18.TEstNG.Annotations" name="signInToAmazonWithUsernameAndPassword" time="0.002"/>
</testsuite> <!-- com.Day18.TEstNG.Annotations -->
