<?xml version="1.0" encoding="UTF-8"?>
<!-- Generated by org.testng.reporters.JUnitReportReporter -->
<testsuite hostname="DESKTOP-AUQI9P7" failures="0" tests="3" name="com.Day18.SimpleFormDemo.TestNG.SimpleFormPageTest" time="1.841" errors="0" timestamp="11 Aug 2021 07:22:12 GMT">
  <testcase classname="com.Day18.SimpleFormDemo.TestNG.SimpleFormPageTest" name="singleInputFieldForm" time="0.377"/>
  <testcase classname="com.Day18.SimpleFormDemo.TestNG.SimpleFormPageTest" name="verifySimpleFormDemoHomePage" time="1.054"/>
  <testcase classname="com.Day18.SimpleFormDemo.TestNG.SimpleFormPageTest" name="twoInputFieldForm" time="0.410"/>
</testsuite> <!-- com.Day18.SimpleFormDemo.TestNG.SimpleFormPageTest -->
