<?xml version="1.0" encoding="UTF-8"?>
<!-- Generated by org.testng.reporters.JUnitReportReporter -->
<testsuite hostname="DESKTOP-AUQI9P7" failures="0" tests="3" name="com.Day18.TEstNG.Annotations" time="0.012" errors="0" timestamp="10 Aug 2021 12:45:13 GMT">
  <testcase classname="com.Day18.TEstNG.Annotations" name="signInToAmazonWithUsernameAndPassword" time="0.002"/>
  <testcase classname="com.Day18.TEstNG.Annotations" name="clickOnLogout" time="0.001"/>
  <testcase classname="com.Day18.TEstNG.Annotations" name="signInToAmazonWithUsernameAndPassword" time="0.009"/>
</testsuite> <!-- com.Day18.TEstNG.Annotations -->
